<?xml version="1.0" encoding="UTF-8"?>
<testng-results ignored="0" total="1" passed="1" failed="0" skipped="0">
  <reporter-output>
  </reporter-output>
  <suite started-at="2022-02-03T12:16:40 IST" name="Default suite" finished-at="2022-02-03T12:16:41 IST" duration-ms="1390">
    <groups>
    </groups>
    <test started-at="2022-02-03T12:16:40 IST" name="Default test" finished-at="2022-02-03T12:16:41 IST" duration-ms="1390">
      <class name="serilization.Serialization_pojo">
        <test-method signature="serialization()[pri:0, instance:serilization.Serialization_pojo@d71adc2]" started-at="2022-02-03T12:16:40 IST" name="serialization" finished-at="2022-02-03T12:16:41 IST" duration-ms="1170" status="PASS">
          <reporter-output>
          </reporter-output>
        </test-method> <!-- serialization -->
      </class> <!-- serilization.Serialization_pojo -->
    </test> <!-- Default test -->
  </suite> <!-- Default suite -->
</testng-results>
